app/build/intermediates/manifest_merge_blame_file/debug/manifest-merger-blame-debug-report.txt
1<?xml version="1.0" encoding="utf-8"?>
2<manifest xmlns:android="http://schemas.android.com/apk/res/android"
3    package="com.posprinter.printdemo"
4    android:versionCode="1"
5    android:versionName="1.0" >
6
7    <uses-sdk
8        android:minSdkVersion="21"
8-->src/main/AndroidManifest.xml
9        android:targetSdkVersion="30" />
9-->src/main/AndroidManifest.xml
10
11    <uses-feature
11-->src/main/AndroidManifest.xml:5:5-7:35
12        android:name="android.hardware.usb.host"
12-->src/main/AndroidManifest.xml:6:9-49
13        android:required="true" />
13-->src/main/AndroidManifest.xml:7:9-32
14
15    <uses-permission android:name="android.hardware.usb.UsbAccessory" />
15-->src/main/AndroidManifest.xml:8:5-73
15-->src/main/AndroidManifest.xml:8:22-70
16    <uses-permission android:name="android.permission.BLUETOOTH" />
16-->src/main/AndroidManifest.xml:9:5-68
16-->src/main/AndroidManifest.xml:9:22-65
17    <uses-permission android:name="android.permission.BLUETOOTH_ADMIN" />
17-->src/main/AndroidManifest.xml:10:5-74
17-->src/main/AndroidManifest.xml:10:22-71
18    <uses-permission android:name="android.permission.READ_EXTERNAL_STORAGE" />
18-->src/main/AndroidManifest.xml:11:5-80
18-->src/main/AndroidManifest.xml:11:22-77
19    <uses-permission android:name="android.permission.WRITE_EXTERNAL_STORAGE" />
19-->src/main/AndroidManifest.xml:12:5-81
19-->src/main/AndroidManifest.xml:12:22-78
20    <uses-permission android:name="android.permission.BLUETOOTH_ADVERTISE" />
20-->src/main/AndroidManifest.xml:13:5-77
20-->src/main/AndroidManifest.xml:13:22-75
21    <uses-permission android:name="android.permission.BLUETOOTH_CONNECT" />
21-->src/main/AndroidManifest.xml:14:5-75
21-->src/main/AndroidManifest.xml:14:22-73
22    <uses-permission android:name="android.permission.BLUETOOTH_SCAN" />
22-->src/main/AndroidManifest.xml:15:5-72
22-->src/main/AndroidManifest.xml:15:22-70
23    <uses-permission android:name="android.permission.ACCESS_FINE_LOCATION" />
23-->src/main/AndroidManifest.xml:16:5-79
23-->src/main/AndroidManifest.xml:16:22-76
24    <uses-permission android:name="android.permission.INTERNET" />
24-->src/main/AndroidManifest.xml:17:5-67
24-->src/main/AndroidManifest.xml:17:22-64
25    <uses-permission android:name="android.permission.ACCESS_NETWORK_STATE" />
25-->src/main/AndroidManifest.xml:18:5-79
25-->src/main/AndroidManifest.xml:18:22-76
26    <uses-permission android:name="android.permission.CHANGE_NETWORK_STATE" />
26-->src/main/AndroidManifest.xml:19:5-79
26-->src/main/AndroidManifest.xml:19:22-76
27    <uses-permission android:name="android.permission.ACCESS_WIFI_STATE" />
27-->src/main/AndroidManifest.xml:20:5-76
27-->src/main/AndroidManifest.xml:20:22-73
28    <uses-permission android:name="android.permission.CHANGE_WIFI_STATE" />
28-->src/main/AndroidManifest.xml:21:5-76
28-->src/main/AndroidManifest.xml:21:22-73
29    <uses-permission android:name="android.permission.CAMERA" />
29-->src/main/AndroidManifest.xml:22:5-65
29-->src/main/AndroidManifest.xml:22:22-62
30    <uses-permission android:name="android.permission.VIBRATE" />
30-->src/main/AndroidManifest.xml:23:5-66
30-->src/main/AndroidManifest.xml:23:22-63
31    <uses-permission android:name="android.permission.ACCESS_COARSE_LOCATION" />
31-->src/main/AndroidManifest.xml:24:5-81
31-->src/main/AndroidManifest.xml:24:22-78
32
33    <uses-feature android:name="android.hardware.camera" />
33-->src/main/AndroidManifest.xml:26:5-60
33-->src/main/AndroidManifest.xml:26:19-57
34    <uses-feature android:name="android.hardware.camera.autofocus" />
34-->src/main/AndroidManifest.xml:27:5-70
34-->src/main/AndroidManifest.xml:27:19-67
35
36    <uses-permission android:name="android.permission.RESTART_PACKAGES" />
36-->src/main/AndroidManifest.xml:29:5-75
36-->src/main/AndroidManifest.xml:29:22-72
37    <!-- <uses-permission android:name="android.permission.MOUNT_UNMOUNT_FILESYSTEMS" /> -->
38    <uses-permission android:name="android.permission.READ_PHONE_STATE" />
38-->src/main/AndroidManifest.xml:31:5-75
38-->src/main/AndroidManifest.xml:31:22-72
39    <!-- <uses-permission android:name="android.permission.READ_LOGS" /> -->
40    <!-- <uses-permission android:name="android.permission.SYSTEM_ALERT_WINDOW" /> -->
41
42    <uses-permission android:name="android.permission.CAMERA" />
42-->src/main/AndroidManifest.xml:22:5-65
42-->src/main/AndroidManifest.xml:22:22-62
43    <uses-permission android:name="android.permission.WRITE_EXTERNAL_STORAGE" />
43-->src/main/AndroidManifest.xml:12:5-81
43-->src/main/AndroidManifest.xml:12:22-78
44
45    <uses-feature android:name="android.hardware.camera" />
45-->src/main/AndroidManifest.xml:26:5-60
45-->src/main/AndroidManifest.xml:26:19-57
46    <uses-feature android:name="android.hardware.camera.autofocus" />
46-->src/main/AndroidManifest.xml:27:5-70
46-->src/main/AndroidManifest.xml:27:19-67
47
48    <uses-permission android:name="android.permission.VIBRATE" />
48-->src/main/AndroidManifest.xml:23:5-66
48-->src/main/AndroidManifest.xml:23:22-63
49    <uses-permission android:name="android.permission.FLASHLIGHT" />
49-->src/main/AndroidManifest.xml:41:5-69
49-->src/main/AndroidManifest.xml:41:22-66
50
51    <application
51-->src/main/AndroidManifest.xml:42:5-61:19
52        android:allowBackup="true"
52-->src/main/AndroidManifest.xml:43:9-35
53        android:appComponentFactory="androidx.core.app.CoreComponentFactory"
53-->[androidx.core:core:1.0.0] AndroidManifest.xml:22:18-86
54        android:debuggable="true"
55        android:icon="@mipmap/ic_launcher"
55-->src/main/AndroidManifest.xml:44:9-43
56        android:label="@string/app_name"
56-->src/main/AndroidManifest.xml:45:9-41
57        android:roundIcon="@mipmap/ic_launcher_round"
57-->src/main/AndroidManifest.xml:46:9-54
58        android:supportsRtl="true"
58-->src/main/AndroidManifest.xml:47:9-35
59        android:testOnly="true"
60        android:theme="@style/AppTheme" >
60-->src/main/AndroidManifest.xml:48:9-40
61        <activity
61-->src/main/AndroidManifest.xml:49:9-55:20
62            android:name="com.posprinter.printdemo.activity.MainActivity"
62-->src/main/AndroidManifest.xml:49:45-82
63            android:exported="true" >
63-->src/main/AndroidManifest.xml:49:21-44
64            <intent-filter>
64-->src/main/AndroidManifest.xml:50:13-54:29
65                <action android:name="android.intent.action.MAIN" />
65-->src/main/AndroidManifest.xml:51:17-69
65-->src/main/AndroidManifest.xml:51:25-66
66
67                <category android:name="android.intent.category.LAUNCHER" />
67-->src/main/AndroidManifest.xml:53:17-77
67-->src/main/AndroidManifest.xml:53:27-74
68            </intent-filter>
69        </activity>
70
71        <service android:name="net.posprinter.service.PosprinterService" />
71-->src/main/AndroidManifest.xml:56:9-76
71-->src/main/AndroidManifest.xml:56:18-73
72
73        <activity android:name="com.posprinter.printdemo.activity.PosActivity" />
73-->src/main/AndroidManifest.xml:58:9-58
73-->src/main/AndroidManifest.xml:58:19-55
74        <activity android:name="com.posprinter.printdemo.activity.Z76Activity" />
74-->src/main/AndroidManifest.xml:59:9-58
74-->src/main/AndroidManifest.xml:59:19-55
75        <activity android:name="com.posprinter.printdemo.activity.TscActivity" />
75-->src/main/AndroidManifest.xml:60:9-58
75-->src/main/AndroidManifest.xml:60:19-55
76        <activity android:name="com.google.zxing.activity.CaptureActivity" />
76-->[com.github.open-android:Zxing:v1.0.3] AndroidManifest.xml:15:9-78
76-->[com.github.open-android:Zxing:v1.0.3] AndroidManifest.xml:15:19-75
77    </application>
78
79</manifest>